生成启动时间为 2019/4/25 15:30:31。
     1>项目“E:\work\projects\CString\CString\CString\CString.vcxproj”在节点 2 上(Build 个目标)。
     1>ClCompile:
         D:\Microsoft Visual Studio 12.0\VC\bin\CL.exe /c /ZI /nologo /W3 /WX- /sdl /Od /Oy- /D WIN32 /D _DEBUG /D _CONSOLE /D _LIB /D _UNICODE /D UNICODE /Gm /EHsc /RTC1 /MDd /GS /fp:precise /Zc:wchar_t /Zc:forScope /Fo"Debug\\" /Fd"Debug\vc120.pdb" /Gd /TP /analyze- /errorReport:prompt CString.cpp main.cpp
         main.cpp
     1>e:\work\projects\cstring\cstring\cstring\main.cpp(79): warning C4305: “参数”: 从“int”到“char”截断
     1>e:\work\projects\cstring\cstring\cstring\main.cpp(79): warning C4309: “参数”: 截断常量值
     1>e:\work\projects\cstring\cstring\cstring\main.cpp(83): warning C4305: “参数”: 从“int”到“char”截断
     1>e:\work\projects\cstring\cstring\cstring\main.cpp(83): warning C4309: “参数”: 截断常量值
         CString.cpp
     1>e:\work\projects\cstring\cstring\cstring\cstring.cpp(106): warning C4553: “==”: 运算符不起任何作用；是否是有意使用“=”的?
     1>e:\work\projects\cstring\cstring\cstring\cstring.cpp(120): warning C4018: “<”: 有符号/无符号不匹配
     1>e:\work\projects\cstring\cstring\cstring\cstring.cpp(131): warning C4018: “<”: 有符号/无符号不匹配
     1>e:\work\projects\cstring\cstring\cstring\cstring.cpp(140): warning C4018: “<”: 有符号/无符号不匹配
     1>e:\work\projects\cstring\cstring\cstring\cstring.cpp(151): warning C4129: “O”: 不可识别的字符转义序列
     1>e:\work\projects\cstring\cstring\cstring\cstring.cpp(172): warning C4018: “>”: 有符号/无符号不匹配
     1>e:\work\projects\cstring\cstring\cstring\cstring.cpp(179): warning C4018: “<”: 有符号/无符号不匹配
     1>e:\work\projects\cstring\cstring\cstring\cstring.cpp(198): warning C4018: “>=”: 有符号/无符号不匹配
     1>e:\work\projects\cstring\cstring\cstring\cstring.cpp(207): warning C4018: “<”: 有符号/无符号不匹配
     1>e:\work\projects\cstring\cstring\cstring\cstring.cpp(228): warning C4018: “<”: 有符号/无符号不匹配
     1>e:\work\projects\cstring\cstring\cstring\cstring.cpp(239): warning C4018: “<”: 有符号/无符号不匹配
     1>e:\work\projects\cstring\cstring\cstring\cstring.cpp(290): warning C4018: “<”: 有符号/无符号不匹配
     1>e:\work\projects\cstring\cstring\cstring\cstring.cpp(317): warning C4018: “<”: 有符号/无符号不匹配
     1>e:\work\projects\cstring\cstring\cstring\cstring.cpp(335): warning C4018: “<”: 有符号/无符号不匹配
     1>e:\work\projects\cstring\cstring\cstring\cstring.cpp(358): warning C4018: “<”: 有符号/无符号不匹配
     1>e:\work\projects\cstring\cstring\cstring\cstring.cpp(374): warning C4018: “<”: 有符号/无符号不匹配
     1>e:\work\projects\cstring\cstring\cstring\cstring.cpp(390): warning C4018: “<”: 有符号/无符号不匹配
     1>e:\work\projects\cstring\cstring\cstring\cstring.cpp(412): warning C4018: “<”: 有符号/无符号不匹配
     1>e:\work\projects\cstring\cstring\cstring\cstring.cpp(442): warning C4018: “<”: 有符号/无符号不匹配
     1>e:\work\projects\cstring\cstring\cstring\cstring.cpp(452): warning C4018: “<”: 有符号/无符号不匹配
     1>e:\work\projects\cstring\cstring\cstring\cstring.cpp(461): warning C4018: “<”: 有符号/无符号不匹配
     1>e:\work\projects\cstring\cstring\cstring\cstring.cpp(523): warning C4018: “<”: 有符号/无符号不匹配
     1>e:\work\projects\cstring\cstring\cstring\cstring.cpp(536): warning C4018: “<”: 有符号/无符号不匹配
     1>e:\work\projects\cstring\cstring\cstring\cstring.cpp(562): warning C4018: “<”: 有符号/无符号不匹配
         正在生成代码...
       Link:
         D:\Microsoft Visual Studio 12.0\VC\bin\link.exe /ERRORREPORT:PROMPT /OUT:"E:\work\projects\CString\CString\Debug\CString.exe" /INCREMENTAL /NOLOGO kernel32.lib user32.lib gdi32.lib winspool.lib comdlg32.lib advapi32.lib shell32.lib ole32.lib oleaut32.lib uuid.lib odbc32.lib odbccp32.lib /MANIFEST /MANIFESTUAC:"level='asInvoker' uiAccess='false'" /manifest:embed /DEBUG /PDB:"E:\work\projects\CString\CString\Debug\CString.pdb" /SUBSYSTEM:CONSOLE /TLBID:1 /DYNAMICBASE /NXCOMPAT /IMPLIB:"E:\work\projects\CString\CString\Debug\CString.lib" /MACHINE:X86 Debug\CString.obj
         Debug\main.obj
         CString.vcxproj -> E:\work\projects\CString\CString\Debug\CString.exe
     1>已完成生成项目“E:\work\projects\CString\CString\CString\CString.vcxproj”(Build 个目标)的操作。

生成成功。

已用时间 00:00:01.60
